<?xml version="1.0" encoding="UTF-8"?>
<testsuite name="test.SecondTestCase" tests="7" skipped="0" failures="0" errors="0" timestamp="2026-07-14T10:34:36" hostname="Arsenis-MacBook-Pro.local" time="0.033">
  <properties/>
  <testcase name="testSomethingElse()" classname="test.SecondTestCase" time="0.005"/>
  <testcase name="testMoreStuff()" classname="test.SecondTestCase" time="0.001"/>
  <testcase name="failed()" classname="test.SecondTestCase" time="0.0"/>
  <testcase name="my test(value1)" classname="test.SecondTestCase" time="0.012"/>
  <testcase name="my test(value2)" classname="test.SecondTestCase" time="0.0"/>
  <testcase name="my test(value3)" classname="test.SecondTestCase" time="0.0"/>
  <testcase name="new test name" classname="test.SecondTestCase" time="0.0"/>
  <system-out><![CDATA[]]></system-out>
  <system-err><![CDATA[]]></system-err>
</testsuite>
